0 info it worked if it ends with ok
1 verbose cli [ '/Users/abbas/.nvm/versions/node/v0.12.18/bin/node',
1 verbose cli   '/Users/abbas/.nvm/versions/node/v0.12.18/bin/npm',
1 verbose cli   'run',
1 verbose cli   'build' ]
2 info using npm@2.15.11
3 info using node@v0.12.18
4 verbose run-script [ 'prebuild', 'build', 'postbuild' ]
5 info prebuild pd-pro-angular@1.0.1
6 info build pd-pro-angular@1.0.1
7 verbose unsafe-perm in lifecycle true
8 info pd-pro-angular@1.0.1 Failed to exec build script
9 verbose stack Error: pd-pro-angular@1.0.1 build: `ng build --prod --aot --base-href="/admin/"`
9 verbose stack Exit status 1
9 verbose stack     at EventEmitter.<anonymous> (/Users/abbas/.nvm/versions/node/v0.12.18/lib/node_modules/npm/lib/utils/lifecycle.js:217:16)
9 verbose stack     at EventEmitter.emit (events.js:110:17)
9 verbose stack     at ChildProcess.<anonymous> (/Users/abbas/.nvm/versions/node/v0.12.18/lib/node_modules/npm/lib/utils/spawn.js:24:14)
9 verbose stack     at ChildProcess.emit (events.js:110:17)
9 verbose stack     at maybeClose (child_process.js:1019:16)
9 verbose stack     at Process.ChildProcess._handle.onexit (child_process.js:1091:5)
10 verbose pkgid pd-pro-angular@1.0.1
11 verbose cwd /Users/abbas/Development/cipla-panel
12 error Darwin 17.2.0
13 error argv "/Users/abbas/.nvm/versions/node/v0.12.18/bin/node" "/Users/abbas/.nvm/versions/node/v0.12.18/bin/npm" "run" "build"
14 error node v0.12.18
15 error npm  v2.15.11
16 error code ELIFECYCLE
17 error pd-pro-angular@1.0.1 build: `ng build --prod --aot --base-href="/admin/"`
17 error Exit status 1
18 error Failed at the pd-pro-angular@1.0.1 build script 'ng build --prod --aot --base-href="/admin/"'.
18 error This is most likely a problem with the pd-pro-angular package,
18 error not with npm itself.
18 error Tell the author that this fails on your system:
18 error     ng build --prod --aot --base-href="/admin/"
18 error You can get information on how to open an issue for this project with:
18 error     npm bugs pd-pro-angular
18 error Or if that isn't available, you can get their info via:
18 error
18 error     npm owner ls pd-pro-angular
18 error There is likely additional logging output above.
19 verbose exit [ 1, true ]
